<?xml version="1.0" encoding="UTF-8"?>
<!-- Generated by org.testng.reporters.JUnitXMLReporter -->
<testsuite ignored="0" hostname="DESKTOP-SNILOAU" failures="0" tests="3" name="Regration-test" time="0.159" errors="0" timestamp="2024-08-26T20:38:09 BDT">
  <testcase classname="org.nadim.testscripts.TC008_TestNGGroupTesting" name="testMethod1" time="0.009"/>
  <testcase classname="org.nadim.testscripts.TC008_TestNGGroupTesting" name="testMethod2" time="0.003"/>
  <testcase classname="org.nadim.testscripts.TC008_TestNGGroupTesting" name="testMethod3" time="0.003"/>
</testsuite> <!-- Regration-test -->
