<?xml version="1.0" encoding="UTF-8"?>
<testng-results ignored="0" total="2" passed="2" failed="0" skipped="0">
  <reporter-output>
  </reporter-output>
  <suite started-at="2024-08-27T21:45:42 BDT" name="crossbrowser-testingSuite" finished-at="2024-08-27T21:46:29 BDT" duration-ms="46520">
    <groups>
    </groups>
    <test started-at="2024-08-27T21:45:42 BDT" name="chrome" finished-at="2024-08-27T21:46:23 BDT" duration-ms="41032">
      <class name="org.nadim.testng.crossbrowsertesting.TC00_CrossBrowserTestingFramework">
        <test-method is-config="true" signature="setUp(java.lang.String)[pri:0, instance:org.nadim.testng.crossbrowsertesting.TC00_CrossBrowserTestingFramework@d86a6f]" started-at="2024-08-27T21:45:42 BDT" name="setUp" finished-at="2024-08-27T21:45:54 BDT" duration-ms="12000" status="PASS">
          <params>
            <param index="0">
              <value>
                <![CDATA[chrome]]>
              </value>
            </param>
          </params>
          <reporter-output>
          </reporter-output>
        </test-method> <!-- setUp -->
        <test-method signature="launchingUrl()[pri:0, instance:org.nadim.testng.crossbrowsertesting.TC00_CrossBrowserTestingFramework@d86a6f]" started-at="2024-08-27T21:45:54 BDT" name="launchingUrl" finished-at="2024-08-27T21:46:16 BDT" duration-ms="21978" status="PASS">
          <reporter-output>
          </reporter-output>
        </test-method> <!-- launchingUrl -->
        <test-method is-config="true" signature="cleanUp()[pri:0, instance:org.nadim.testng.crossbrowsertesting.TC00_CrossBrowserTestingFramework@d86a6f]" started-at="2024-08-27T21:46:16 BDT" name="cleanUp" finished-at="2024-08-27T21:46:23 BDT" duration-ms="6570" status="PASS">
          <reporter-output>
          </reporter-output>
        </test-method> <!-- cleanUp -->
      </class> <!-- org.nadim.testng.crossbrowsertesting.TC00_CrossBrowserTestingFramework -->
    </test> <!-- chrome -->
    <test started-at="2024-08-27T21:45:42 BDT" name="firefox" finished-at="2024-08-27T21:46:29 BDT" duration-ms="46520">
      <class name="org.nadim.testng.crossbrowsertesting.TC00_CrossBrowserTestingFramework">
        <test-method is-config="true" signature="setUp(java.lang.String)[pri:0, instance:org.nadim.testng.crossbrowsertesting.TC00_CrossBrowserTestingFramework@712625fd]" started-at="2024-08-27T21:45:42 BDT" name="setUp" finished-at="2024-08-27T21:46:10 BDT" duration-ms="28079" status="PASS">
          <params>
            <param index="0">
              <value>
                <![CDATA[firefox]]>
              </value>
            </param>
          </params>
          <reporter-output>
          </reporter-output>
        </test-method> <!-- setUp -->
        <test-method signature="launchingUrl()[pri:0, instance:org.nadim.testng.crossbrowsertesting.TC00_CrossBrowserTestingFramework@712625fd]" started-at="2024-08-27T21:46:10 BDT" name="launchingUrl" finished-at="2024-08-27T21:46:20 BDT" duration-ms="10300" status="PASS">
          <reporter-output>
          </reporter-output>
        </test-method> <!-- launchingUrl -->
        <test-method is-config="true" signature="cleanUp()[pri:0, instance:org.nadim.testng.crossbrowsertesting.TC00_CrossBrowserTestingFramework@712625fd]" started-at="2024-08-27T21:46:20 BDT" name="cleanUp" finished-at="2024-08-27T21:46:29 BDT" duration-ms="8087" status="PASS">
          <reporter-output>
          </reporter-output>
        </test-method> <!-- cleanUp -->
      </class> <!-- org.nadim.testng.crossbrowsertesting.TC00_CrossBrowserTestingFramework -->
    </test> <!-- firefox -->
  </suite> <!-- crossbrowser-testingSuite -->
</testng-results>
