<?xml version="1.0" encoding="UTF-8"?>
<testng-results ignored="0" total="3" passed="3" failed="0" skipped="0">
  <reporter-output>
  </reporter-output>
  <suite started-at="2024-08-27T12:48:56 BDT" name="Default suite" finished-at="2024-08-27T12:48:57 BDT" duration-ms="105">
    <groups>
    </groups>
    <test started-at="2024-08-27T12:48:56 BDT" name="Default test" finished-at="2024-08-27T12:48:57 BDT" duration-ms="105">
      <class name="org.nadim.dataproviderParameter.TC005_TestNGDataProvider2">
        <test-method signature="testCredential(java.lang.String,java.lang.String)[pri:0, instance:org.nadim.dataproviderParameter.TC005_TestNGDataProvider2@e15b7e8]" started-at="2024-08-27T12:48:56 BDT" name="testCredential" data-provider="security" finished-at="2024-08-27T12:48:57 BDT" duration-ms="9" status="PASS">
          <params>
            <param index="0">
              <value>
                <![CDATA[nadim]]>
              </value>
            </param>
            <param index="1">
              <value>
                <![CDATA[123]]>
              </value>
            </param>
          </params>
          <reporter-output>
          </reporter-output>
        </test-method> <!-- testCredential -->
        <test-method signature="testCredential(java.lang.String,java.lang.String)[pri:0, instance:org.nadim.dataproviderParameter.TC005_TestNGDataProvider2@e15b7e8]" started-at="2024-08-27T12:48:57 BDT" name="testCredential" data-provider="security" finished-at="2024-08-27T12:48:57 BDT" duration-ms="2" status="PASS">
          <params>
            <param index="0">
              <value>
                <![CDATA[mustak]]>
              </value>
            </param>
            <param index="1">
              <value>
                <![CDATA[345]]>
              </value>
            </param>
          </params>
          <reporter-output>
          </reporter-output>
        </test-method> <!-- testCredential -->
        <test-method signature="testCredential(java.lang.String,java.lang.String)[pri:0, instance:org.nadim.dataproviderParameter.TC005_TestNGDataProvider2@e15b7e8]" started-at="2024-08-27T12:48:57 BDT" name="testCredential" data-provider="security" finished-at="2024-08-27T12:48:57 BDT" duration-ms="2" status="PASS">
          <params>
            <param index="0">
              <value>
                <![CDATA[naim]]>
              </value>
            </param>
            <param index="1">
              <value>
                <![CDATA[567]]>
              </value>
            </param>
          </params>
          <reporter-output>
          </reporter-output>
        </test-method> <!-- testCredential -->
      </class> <!-- org.nadim.dataproviderParameter.TC005_TestNGDataProvider2 -->
    </test> <!-- Default test -->
  </suite> <!-- Default suite -->
</testng-results>
