<?xml version="1.0" encoding="UTF-8"?>
<!-- Generated by org.testng.reporters.JUnitXMLReporter -->
<testsuite ignored="2" hostname="DESKTOP-SNILOAU" failures="0" tests="4" name="Smoke-Testig" time="0.169" errors="0" timestamp="2024-08-26T17:11:33 BDT">
  <testcase classname="org.nadim.testscripts.TC004_TestNG_BeforeAndAfterMethod" name="testMethod1" time="0.012"/>
  <testcase classname="org.nadim.testscripts.TC004_TestNG_BeforeAndAfterMethod" name="testMethod2" time="0.004"/>
  <testcase classname="org.nadim.testscripts.TC005_TestNG_BeforeAndAfterClass" name="testMethod1" time="0.005"/>
  <testcase classname="org.nadim.testscripts.TC005_TestNG_BeforeAndAfterClass" name="testMethod2" time="0.005"/>
  <testcase classname="org.nadim.baseclass.BaseClass" name="@BeforeSuite beforeSuite" time="0.0">
    <ignored/>
  </testcase> <!-- @BeforeSuite beforeSuite -->
  <testcase classname="org.nadim.baseclass.BaseClass" name="@AfterSuite afterSuite" time="0.0">
    <ignored/>
  </testcase> <!-- @AfterSuite afterSuite -->
</testsuite> <!-- Smoke-Testig -->
