<?xml version="1.0" encoding="UTF-8"?>
<!-- Generated by org.testng.reporters.JUnitXMLReporter -->
<testsuite ignored="0" hostname="DESKTOP-SNILOAU" failures="0" tests="2" name="Default test" time="33.78" errors="0" timestamp="2024-08-31T12:05:54 BDT">
  <testcase classname="org.nadim.datadriven.testcases.TC004_LoginIntoApplicationUsingExcelFileAndDataProvider" name="login" time="13.553"/>
  <testcase classname="org.nadim.datadriven.testcases.TC004_LoginIntoApplicationUsingExcelFileAndDataProvider" name="login" time="9.472"/>
</testsuite> <!-- Default test -->
