<?xml version="1.0" encoding="UTF-8"?>
<!-- Generated by org.testng.reporters.JUnitXMLReporter -->
<testsuite ignored="0" hostname="DESKTOP-SNILOAU" failures="0" tests="3" name="Default test" time="0.105" errors="0" timestamp="2024-08-27T12:48:57 BDT">
  <testcase classname="org.nadim.dataproviderParameter.TC005_TestNGDataProvider2" name="testCredential" time="0.009"/>
  <testcase classname="org.nadim.dataproviderParameter.TC005_TestNGDataProvider2" name="testCredential" time="0.002"/>
  <testcase classname="org.nadim.dataproviderParameter.TC005_TestNGDataProvider2" name="testCredential" time="0.002"/>
</testsuite> <!-- Default test -->
