<?xml version="1.0" encoding="UTF-8"?>
<testng-results ignored="0" total="2" passed="2" failed="0" skipped="0">
  <reporter-output>
  </reporter-output>
  <suite started-at="2024-08-31T12:05:20 BDT" name="Default suite" finished-at="2024-08-31T12:05:54 BDT" duration-ms="33780">
    <groups>
    </groups>
    <test started-at="2024-08-31T12:05:20 BDT" name="Default test" finished-at="2024-08-31T12:05:54 BDT" duration-ms="33780">
      <class name="org.nadim.datadriven.testcases.TC004_LoginIntoApplicationUsingExcelFileAndDataProvider">
        <test-method is-config="true" signature="setUp()[pri:0, instance:org.nadim.datadriven.testcases.TC004_LoginIntoApplicationUsingExcelFileAndDataProvider@5d0bf09b]" started-at="2024-08-31T12:05:20 BDT" name="setUp" finished-at="2024-08-31T12:05:28 BDT" duration-ms="7398" status="PASS">
          <reporter-output>
          </reporter-output>
        </test-method> <!-- setUp -->
        <test-method signature="login(java.lang.String,java.lang.String,java.lang.String)[pri:0, instance:org.nadim.datadriven.testcases.TC004_LoginIntoApplicationUsingExcelFileAndDataProvider@5d0bf09b]" started-at="2024-08-31T12:05:31 BDT" name="login" data-provider="excel-data-provider" finished-at="2024-08-31T12:05:44 BDT" duration-ms="13553" status="PASS">
          <params>
            <param index="0">
              <value>
                <![CDATA[student]]>
              </value>
            </param>
            <param index="1">
              <value>
                <![CDATA[Password123]]>
              </value>
            </param>
            <param index="2">
              <value>
                <![CDATA[true]]>
              </value>
            </param>
          </params>
          <reporter-output>
          </reporter-output>
        </test-method> <!-- login -->
        <test-method signature="login(java.lang.String,java.lang.String,java.lang.String)[pri:0, instance:org.nadim.datadriven.testcases.TC004_LoginIntoApplicationUsingExcelFileAndDataProvider@5d0bf09b]" started-at="2024-08-31T12:05:44 BDT" name="login" data-provider="excel-data-provider" finished-at="2024-08-31T12:05:54 BDT" duration-ms="9472" status="PASS">
          <params>
            <param index="0">
              <value>
                <![CDATA[Student]]>
              </value>
            </param>
            <param index="1">
              <value>
                <![CDATA[Admin123]]>
              </value>
            </param>
            <param index="2">
              <value>
                <![CDATA[false]]>
              </value>
            </param>
          </params>
          <reporter-output>
          </reporter-output>
        </test-method> <!-- login -->
        <test-method is-config="true" signature="cleanUp()[pri:0, instance:org.nadim.datadriven.testcases.TC004_LoginIntoApplicationUsingExcelFileAndDataProvider@5d0bf09b]" started-at="2024-08-31T12:05:54 BDT" name="cleanUp" finished-at="2024-08-31T12:05:54 BDT" duration-ms="311" status="PASS">
          <reporter-output>
          </reporter-output>
        </test-method> <!-- cleanUp -->
      </class> <!-- org.nadim.datadriven.testcases.TC004_LoginIntoApplicationUsingExcelFileAndDataProvider -->
    </test> <!-- Default test -->
  </suite> <!-- Default suite -->
</testng-results>
