<?xml version="1.0" encoding="UTF-8"?>
<!-- Generated by org.testng.reporters.JUnitXMLReporter -->
<testsuite ignored="0" hostname="DESKTOP-SNILOAU" failures="0" tests="4" name="Application Test" time="0.493" errors="0" timestamp="2024-08-26T13:24:40 BDT">
  <testcase classname="org.nadim.testscripts.TC004_TestNG_BeforeAndAfterMethod" name="testMethod1" time="0.032"/>
  <testcase classname="org.nadim.testscripts.TC004_TestNG_BeforeAndAfterMethod" name="testMethod2" time="0.01"/>
  <testcase classname="org.nadim.testscripts.TC005_TestNG_BeforeAndAfterClass" name="testMethod1" time="0.03"/>
  <testcase classname="org.nadim.testscripts.TC005_TestNG_BeforeAndAfterClass" name="testMethod2" time="0.012"/>
</testsuite> <!-- Application Test -->
